<?xml version="1.0" encoding="UTF-8"?>
<testng-results skipped="0" failed="0" total="4" passed="4">
  <reporter-output>
  </reporter-output>
  <suite name="Suite" duration-ms="231972" started-at="2019-04-18T17:12:21Z" finished-at="2019-04-18T17:16:13Z">
    <groups>
    </groups>
    <test name="Test" duration-ms="231972" started-at="2019-04-18T17:12:21Z" finished-at="2019-04-18T17:16:13Z">
      <class name="org.testing.TestCases.Class_TC3">
        <test-method status="PASS" signature="BrowserLaunchAndPropertiesLoad()[pri:0, instance:org.testing.TestCases.Class_TC3@53b32d7]" name="BrowserLaunchAndPropertiesLoad" is-config="true" duration-ms="15585" started-at="2019-04-18T22:44:16Z" finished-at="2019-04-18T22:44:32Z">
          <reporter-output>
          </reporter-output>
        </test-method> <!-- BrowserLaunchAndPropertiesLoad -->
        <test-method status="PASS" signature="SignInVideoLike()[pri:0, instance:org.testing.TestCases.Class_TC3@53b32d7]" name="SignInVideoLike" duration-ms="28408" started-at="2019-04-18T22:44:32Z" finished-at="2019-04-18T22:45:00Z">
          <reporter-output>
          </reporter-output>
        </test-method> <!-- SignInVideoLike -->
        <test-method status="PASS" signature="CloseMethod()[pri:0, instance:org.testing.TestCases.Class_TC3@53b32d7]" name="CloseMethod" is-config="true" duration-ms="12355" started-at="2019-04-18T22:45:00Z" finished-at="2019-04-18T22:45:12Z">
          <reporter-output>
          </reporter-output>
        </test-method> <!-- CloseMethod -->
      </class> <!-- org.testing.TestCases.Class_TC3 -->
      <class name="org.testing.TestCases.Class_TC4">
        <test-method status="PASS" signature="BrowserLaunchAndPropertiesLoad()[pri:0, instance:org.testing.TestCases.Class_TC4@5442a311]" name="BrowserLaunchAndPropertiesLoad" is-config="true" duration-ms="17949" started-at="2019-04-18T22:45:12Z" finished-at="2019-04-18T22:45:30Z">
          <reporter-output>
          </reporter-output>
        </test-method> <!-- BrowserLaunchAndPropertiesLoad -->
        <test-method status="PASS" signature="SignInVideoSubscribe()[pri:0, instance:org.testing.TestCases.Class_TC4@5442a311]" name="SignInVideoSubscribe" duration-ms="30654" started-at="2019-04-18T22:45:30Z" finished-at="2019-04-18T22:46:01Z">
          <reporter-output>
          </reporter-output>
        </test-method> <!-- SignInVideoSubscribe -->
        <test-method status="PASS" signature="CloseMethod()[pri:0, instance:org.testing.TestCases.Class_TC4@5442a311]" name="CloseMethod" is-config="true" duration-ms="12375" started-at="2019-04-18T22:46:01Z" finished-at="2019-04-18T22:46:13Z">
          <reporter-output>
          </reporter-output>
        </test-method> <!-- CloseMethod -->
      </class> <!-- org.testing.TestCases.Class_TC4 -->
      <class name="org.testing.TestCases.Class_TC1">
        <test-method status="PASS" signature="BrowserLaunchAndPropertiesLoad()[pri:0, instance:org.testing.TestCases.Class_TC1@91161c7]" name="BrowserLaunchAndPropertiesLoad" is-config="true" duration-ms="18616" started-at="2019-04-18T22:42:21Z" finished-at="2019-04-18T22:42:40Z">
          <reporter-output>
          </reporter-output>
        </test-method> <!-- BrowserLaunchAndPropertiesLoad -->
        <test-method status="PASS" signature="SignInTrending()[pri:0, instance:org.testing.TestCases.Class_TC1@91161c7]" name="SignInTrending" duration-ms="26155" started-at="2019-04-18T22:42:40Z" finished-at="2019-04-18T22:43:06Z">
          <reporter-output>
          </reporter-output>
        </test-method> <!-- SignInTrending -->
        <test-method status="PASS" signature="CloseMethod()[pri:0, instance:org.testing.TestCases.Class_TC1@91161c7]" name="CloseMethod" is-config="true" duration-ms="12342" started-at="2019-04-18T22:43:06Z" finished-at="2019-04-18T22:43:18Z">
          <reporter-output>
          </reporter-output>
        </test-method> <!-- CloseMethod -->
      </class> <!-- org.testing.TestCases.Class_TC1 -->
      <class name="org.testing.TestCases.Class_TC2">
        <test-method status="PASS" signature="BrowserLaunchAndPropertiesLoad()[pri:0, instance:org.testing.TestCases.Class_TC2@343f4d3d]" name="BrowserLaunchAndPropertiesLoad" is-config="true" duration-ms="19026" started-at="2019-04-18T22:43:18Z" finished-at="2019-04-18T22:43:37Z">
          <reporter-output>
          </reporter-output>
        </test-method> <!-- BrowserLaunchAndPropertiesLoad -->
        <test-method status="PASS" signature="SignInSubscription()[pri:0, instance:org.testing.TestCases.Class_TC2@343f4d3d]" name="SignInSubscription" duration-ms="26129" started-at="2019-04-18T22:43:37Z" finished-at="2019-04-18T22:44:04Z">
          <reporter-output>
          </reporter-output>
        </test-method> <!-- SignInSubscription -->
        <test-method status="PASS" signature="CloseMethod()[pri:0, instance:org.testing.TestCases.Class_TC2@343f4d3d]" name="CloseMethod" is-config="true" duration-ms="12345" started-at="2019-04-18T22:44:04Z" finished-at="2019-04-18T22:44:16Z">
          <reporter-output>
          </reporter-output>
        </test-method> <!-- CloseMethod -->
      </class> <!-- org.testing.TestCases.Class_TC2 -->
    </test> <!-- Test -->
  </suite> <!-- Suite -->
</testng-results>
