<?xml version="1.0" encoding="UTF-8"?>
<testng-results skipped="0" failed="0" total="2" passed="2">
  <reporter-output>
  </reporter-output>
  <suite name="Suite1" duration-ms="150679" started-at="2019-04-27T05:48:55Z" finished-at="2019-04-27T05:51:26Z">
    <groups>
    </groups>
    <test name="Command line test af286c5a-262c-4317-b474-8d1e4dc53e23" duration-ms="150679" started-at="2019-04-27T05:48:55Z" finished-at="2019-04-27T05:51:26Z">
      <class name="org.testing.TestCases.Class_TC3">
        <test-method status="PASS" signature="BrowserLaunchAndPropertiesLoad()[pri:0, instance:org.testing.TestCases.Class_TC3@3fb6a447]" name="BrowserLaunchAndPropertiesLoad" is-config="true" duration-ms="21289" started-at="2019-04-27T11:20:28Z" finished-at="2019-04-27T11:20:49Z">
          <reporter-output>
          </reporter-output>
        </test-method> <!-- BrowserLaunchAndPropertiesLoad -->
        <test-method status="PASS" signature="SignInVideoLike()[pri:0, instance:org.testing.TestCases.Class_TC3@3fb6a447]" name="SignInVideoLike" duration-ms="24326" started-at="2019-04-27T11:20:49Z" finished-at="2019-04-27T11:21:14Z">
          <reporter-output>
          </reporter-output>
        </test-method> <!-- SignInVideoLike -->
        <test-method status="PASS" signature="CloseMethod()[pri:0, instance:org.testing.TestCases.Class_TC3@3fb6a447]" name="CloseMethod" is-config="true" duration-ms="12426" started-at="2019-04-27T11:21:14Z" finished-at="2019-04-27T11:21:26Z">
          <reporter-output>
          </reporter-output>
        </test-method> <!-- CloseMethod -->
      </class> <!-- org.testing.TestCases.Class_TC3 -->
      <class name="org.testing.TestCases.Class_TC1">
        <test-method status="PASS" signature="BrowserLaunchAndPropertiesLoad()[pri:0, instance:org.testing.TestCases.Class_TC1@1554909b]" name="BrowserLaunchAndPropertiesLoad" is-config="true" duration-ms="39041" started-at="2019-04-27T11:18:55Z" finished-at="2019-04-27T11:19:35Z">
          <reporter-output>
          </reporter-output>
        </test-method> <!-- BrowserLaunchAndPropertiesLoad -->
        <test-method status="PASS" signature="SignInTrending()[pri:0, instance:org.testing.TestCases.Class_TC1@1554909b]" name="SignInTrending" duration-ms="41408" started-at="2019-04-27T11:19:35Z" finished-at="2019-04-27T11:20:16Z">
          <reporter-output>
          </reporter-output>
        </test-method> <!-- SignInTrending -->
        <test-method status="PASS" signature="CloseMethod()[pri:0, instance:org.testing.TestCases.Class_TC1@1554909b]" name="CloseMethod" is-config="true" duration-ms="12172" started-at="2019-04-27T11:20:16Z" finished-at="2019-04-27T11:20:28Z">
          <reporter-output>
          </reporter-output>
        </test-method> <!-- CloseMethod -->
      </class> <!-- org.testing.TestCases.Class_TC1 -->
    </test> <!-- Command line test af286c5a-262c-4317-b474-8d1e4dc53e23 -->
  </suite> <!-- Suite1 -->
</testng-results>
