<?xml version="1.0" encoding="UTF-8"?>
<!-- Generated by org.testng.reporters.JUnitXMLReporter -->
<testsuite hostname="Kunal-PC" name="Test" tests="4" failures="0" timestamp="18 Apr 2019 17:16:13 GMT" time="231.972" errors="0">
  <testcase name="SignInTrending" time="26.155" classname="org.testing.TestCases.Class_TC1"/>
  <testcase name="SignInSubscription" time="26.129" classname="org.testing.TestCases.Class_TC2"/>
  <testcase name="SignInVideoLike" time="28.408" classname="org.testing.TestCases.Class_TC3"/>
  <testcase name="SignInVideoSubscribe" time="30.654" classname="org.testing.TestCases.Class_TC4"/>
</testsuite> <!-- Test -->
