<?xml version="1.0" encoding="UTF-8"?>
<!-- Generated by org.testng.reporters.JUnitXMLReporter -->
<testsuite hostname="Kunal-PC" name="Test" tests="4" failures="0" timestamp="22 Apr 2019 14:49:16 GMT" time="277.077" errors="0">
  <testcase name="SignInTrending" time="41.006" classname="org.testing.TestCases.Class_TC1"/>
  <testcase name="SignInSubscription" time="33.081" classname="org.testing.TestCases.Class_TC2"/>
  <testcase name="SignInVideoLike" time="28.017" classname="org.testing.TestCases.Class_TC3"/>
  <testcase name="SignInVideoSubscribe" time="29.784" classname="org.testing.TestCases.Class_TC4"/>
</testsuite> <!-- Test -->
