<?xml version="1.0" encoding="UTF-8"?>
<!-- Generated by org.testng.reporters.JUnitXMLReporter -->
<testsuite hostname="Kunal-PC" name="Command line test af286c5a-262c-4317-b474-8d1e4dc53e23" tests="2" failures="0" timestamp="27 Apr 2019 05:51:26 GMT" time="150.679" errors="0">
  <testcase name="SignInTrending" time="41.408" classname="org.testing.TestCases.Class_TC1"/>
  <testcase name="SignInVideoLike" time="24.326" classname="org.testing.TestCases.Class_TC3"/>
</testsuite> <!-- Command line test af286c5a-262c-4317-b474-8d1e4dc53e23 -->
